DEBUG:root:2 - initialization: (-260, -240)
DEBUG:root:1 - initialization: (-260, -240)
DEBUG:root:0 - initialization: (-260, -240)
DEBUG:root:4 - initialization: (-260, -240)
DEBUG:root:3 - initialization: (-260, -240)
DEBUG:root:2: [-260 -240]
DEBUG:root:1: [-260 -240]
DEBUG:root:0: [-260 -240]
DEBUG:root:4: [-260 -240]
DEBUG:root:3: [-260 -240]
DEBUG:root:2: [-230 -240]
DEBUG:root:1: [-260 -210]
DEBUG:root:0: [-230 -240]
DEBUG:root:4: [-230 -240]
DEBUG:root:3: [-230 -240]
DEBUG:root:2: [-200 -240]
DEBUG:root:1: [-230 -210]
DEBUG:root:0: [-200 -240]
DEBUG:root:4: [-230 -210]
DEBUG:root:3: [-230 -210]
DEBUG:root:0: [-200 -210]
DEBUG:root:2: [-170 -240]
DEBUG:root:2: [-140 -240]
DEBUG:root:0: [-230 -210]
DEBUG:root:1: [-230 -240]
DEBUG:root:4: [-260 -210]
DEBUG:root:3: [-260 -210]
DEBUG:root:1: [-200 -240]
DEBUG:root:0: [-260 -210]
DEBUG:root:4: [-260 -180]
DEBUG:root:3: [-260 -180]
DEBUG:root:2: [-110 -240]
DEBUG:root:2: [-110 -210]
DEBUG:root:0: [-260 -180]
DEBUG:root:2: [-140 -210]
DEBUG:root:1: [-170 -240]
DEBUG:root:0: [-230 -180]
DEBUG:root:4: [-260 -150]
DEBUG:root:3: [-260 -150]
DEBUG:root:1: [-170 -210]
DEBUG:root:4: [-230 -150]
DEBUG:root:2: [-140 -180]
DEBUG:root:0: [-230 -150]
DEBUG:root:3: [-260 -120]
DEBUG:root:2: [-110 -180]
DEBUG:root:1: [-140 -210]
DEBUG:root:0: [-200 -150]
DEBUG:root:4: [-200 -150]
DEBUG:root:3: [-260  -90]
DEBUG:root:2: [-110 -150]
DEBUG:root:4: [-200 -180]
DEBUG:root:1: [-110 -210]
DEBUG:root:1: [-110 -180]
DEBUG:root:0: [-170 -150]
DEBUG:root:4: [-230 -180]
DEBUG:root:3: [-260  -60]
DEBUG:root:2: [-110 -120]
DEBUG:root:0: [-140 -150]
DEBUG:root:4: [-230 -210]
DEBUG:root:3: [-260  -30]
DEBUG:root:1: [-110 -150]
DEBUG:root:4: [-200 -210]
DEBUG:root:2: [-110  -90]
DEBUG:root:0: [-110 -150]
DEBUG:root:3: [-230  -30]
DEBUG:root:2: [-80 -90]
DEBUG:root:1: [-110 -120]
DEBUG:root:4: [-170 -210]
DEBUG:root:3: [-230  -60]
DEBUG:root:0: [ -80 -150]
DEBUG:root:1: [ -80 -120]
DEBUG:root:2: [-50 -90]
DEBUG:root:3: [-200  -60]
DEBUG:root:4: [-140 -210]
DEBUG:root:0: [ -80 -180]
DEBUG:root:1: [-80 -90]
DEBUG:root:0: [ -50 -180]
DEBUG:root:4: [-110 -210]
DEBUG:root:2: [-50 -60]
DEBUG:root:2: [-80 -60]
DEBUG:root:3: [-170  -60]
DEBUG:root:1: [-110  -90]
DEBUG:root:0: [ -50 -150]
DEBUG:root:3: [-170  -30]
DEBUG:root:2: [-80 -30]
DEBUG:root:1: [-140  -90]
DEBUG:root:4: [ -80 -210]
DEBUG:root:0: [ -20 -150]
DEBUG:root:3: [-200  -30]
DEBUG:root:1: [-140  -60]
DEBUG:root:4: [ -80 -240]
DEBUG:root:0: [ -20 -180]
DEBUG:root:2: [-80   0]
DEBUG:root:3: [-200    0]
DEBUG:root:1: [-110  -60]
DEBUG:root:4: [-110 -240]
DEBUG:root:2: [-110    0]
DEBUG:root:0: [  10 -180]
DEBUG:root:3: [-170    0]
DEBUG:root:1: [-110  -30]
DEBUG:root:1: [-80 -30]
DEBUG:root:0: [  10 -150]
DEBUG:root:4: [-140 -240]
DEBUG:root:3: [-170   30]
DEBUG:root:2: [-140    0]
DEBUG:root:2: [-140   30]
DEBUG:root:3: [-200   30]
DEBUG:root:0: [  10 -120]
DEBUG:root:4: [-170 -240]
DEBUG:root:1: [-80   0]
DEBUG:root:2: [-170   30]
DEBUG:root:0: [  40 -120]
DEBUG:root:3: [-230   30]
DEBUG:root:4: [-200 -240]
DEBUG:root:1: [-50   0]
DEBUG:root:2: [-170    0]
DEBUG:root:4: [-170 -240]
DEBUG:root:0: [  70 -120]
DEBUG:root:3: [-260   30]
DEBUG:root:1: [-50  30]
DEBUG:root:2: [-200    0]
DEBUG:root:4: [-170 -210]
DEBUG:root:0: [ 70 -90]
DEBUG:root:3: [-260   60]
DEBUG:root:2: [-200   30]
DEBUG:root:1: [-20  30]
DEBUG:root:4: [-170 -180]
DEBUG:root:2: [-230   30]
DEBUG:root:0: [ 70 -60]
DEBUG:root:3: [-260   90]
DEBUG:root:1: [10 30]
DEBUG:root:4: [-140 -180]
DEBUG:root:2: [-230    0]
DEBUG:root:3: [-260  120]
DEBUG:root:2: [-260    0]
DEBUG:root:4: [-110 -180]
DEBUG:root:2: [-260   30]
DEBUG:root:3: [-260  150]
DEBUG:root:4: [-110 -150]
DEBUG:root:4: [-140 -150]
DEBUG:root:3: [-230  150]
DEBUG:root:2: [-260   60]
DEBUG:root:0: [40 30]
DEBUG:root:3: [-230  120]
DEBUG:root:2: [-230   60]
DEBUG:root:2: [-230   90]
DEBUG:root:4: [-170 -150]
DEBUG:root:3: [-200  120]
DEBUG:root:4: [-170 -120]
DEBUG:root:2: [-200   90]
DEBUG:root:4: [-140 -120]
DEBUG:root:3: [-170  120]
DEBUG:root:0: [100 -30]
DEBUG:root:3: [-170  150]
DEBUG:root:2: [-170   90]
DEBUG:root:4: [-110 -120]
DEBUG:root:0: [130 -30]
DEBUG:root:2: [-170   60]
DEBUG:root:4: [-110  -90]
DEBUG:root:3: [-170  180]
DEBUG:root:0: [130 -60]
DEBUG:root:2: [-200   60]
DEBUG:root:4: [-140  -90]
DEBUG:root:3: [-200  180]
DEBUG:root:0: [160 -60]
DEBUG:root:2: [-200   90]
DEBUG:root:4: [-140  -60]
DEBUG:root:0: [160 -30]
DEBUG:root:3: [-200  210]
DEBUG:root:2: [-200  120]
DEBUG:root:4: [-110  -60]
DEBUG:root:0: [190 -30]
DEBUG:root:3: [-230  210]
DEBUG:root:2: [-230  120]
DEBUG:root:4: [-80 -60]
DEBUG:root:3: [-230  240]
DEBUG:root:0: [220 -30]
DEBUG:root:2: [-260  120]
DEBUG:root:3: [-260  240]
DEBUG:root:4: [-50 -60]
DEBUG:root:0: [220 -60]
DEBUG:root:2: [-260   90]
DEBUG:root:0: [190 -60]
DEBUG:root:4: [-50 -30]
DEBUG:root:3: [-260  270]
DEBUG:root:4: [-80 -30]
DEBUG:root:2: [-260   60]
DEBUG:root:0: [190 -90]
DEBUG:root:3: [-260  300]
DEBUG:root:2: [-230   60]
DEBUG:root:2: [-230   60]
DEBUG:root:4: [-110  -30]
DEBUG:root:0: [ 190 -120]
DEBUG:root:3: [-230  300]
DEBUG:root:2: [-200   60]
DEBUG:root:4: [-110    0]
DEBUG:root:0: [ 220 -120]
DEBUG:root:2: [-230   60]
DEBUG:root:3: [-200  300]
DEBUG:root:4: [-80   0]
DEBUG:root:2: [-200   60]
DEBUG:root:0: [ 250 -120]
DEBUG:root:3: [-200  270]
DEBUG:root:2: [-200   30]
DEBUG:root:4: [-80  30]
DEBUG:root:2: [-200   30]
DEBUG:root:0: [ 250 -150]
DEBUG:root:3: [-170  270]
DEBUG:root:4: [-110   30]
DEBUG:root:2: [-230   30]
DEBUG:root:2: [-230   30]
DEBUG:root:3: [-170  300]
DEBUG:root:0: [ 250 -180]
DEBUG:root:2: [-230    0]
DEBUG:root:4: [-140   30]
DEBUG:root:3: [-140  300]
DEBUG:root:0: [ 280 -180]
DEBUG:root:4: [-140    0]
DEBUG:root:2: [-230  -30]
DEBUG:root:2: [-230  -60]
DEBUG:root:0: [ 280 -150]
DEBUG:root:4: [-170    0]
DEBUG:root:3: [-110  300]
DEBUG:root:4: [-170   30]
DEBUG:root:3: [-110  270]
DEBUG:root:0: [ 280 -120]
DEBUG:root:2: [-260  -60]
DEBUG:root:4: [-200   30]
DEBUG:root:3: [-80 270]
DEBUG:root:0: [280 -90]
DEBUG:root:2: [-260  -90]
DEBUG:root:4: [-200    0]
DEBUG:root:3: [-50 270]
DEBUG:root:2: [-230  -90]
DEBUG:root:0: [280 -60]
DEBUG:root:4: [-230    0]
DEBUG:root:3: [-20 270]
DEBUG:root:0: [250 -60]
DEBUG:root:2: [-200  -90]
DEBUG:root:2: [-170  -90]
DEBUG:root:4: [-230  -30]
DEBUG:root:3: [-20 300]
DEBUG:root:0: [250 -30]
DEBUG:root:4: [-260  -30]
DEBUG:root:3: [-50 300]
DEBUG:root:2: [-170 -120]
DEBUG:root:0: [280 -30]
DEBUG:root:4: [-260    0]
DEBUG:root:0: [280   0]
DEBUG:root:3: [-80 300]
DEBUG:root:2: [-140 -120]
DEBUG:root:4: [-260   30]
DEBUG:root:0: [250   0]
DEBUG:root:3: [-80 270]
DEBUG:root:2: [-140 -150]
DEBUG:root:4: [-260   60]
DEBUG:root:2: [-170 -150]
DEBUG:root:0: [220   0]
DEBUG:root:3: [-80 240]
DEBUG:root:4: [-230   60]
DEBUG:root:0: [220  30]
DEBUG:root:2: [-200 -150]
DEBUG:root:3: [-80 210]
DEBUG:root:0: [250  30]
DEBUG:root:4: [-230   90]
DEBUG:root:2: [-230 -150]
DEBUG:root:3: [-80 180]
DEBUG:root:0: [280  30]
DEBUG:root:4: [-230  120]
DEBUG:root:2: [-230 -180]
DEBUG:root:3: [-110  180]
DEBUG:root:0: [280  60]
DEBUG:root:4: [-200  120]
DEBUG:root:2: [-230 -210]
DEBUG:root:3: [-110  150]
DEBUG:root:0: [250  60]
DEBUG:root:3: [-140  150]
DEBUG:root:4: [-170  120]
DEBUG:root:2: [-200 -210]
DEBUG:root:4: [-170  150]
DEBUG:root:0: [220  60]
DEBUG:root:3: [-140  120]
DEBUG:root:4: [-200  150]
DEBUG:root:2: [-170 -210]
DEBUG:root:0: [190  60]
DEBUG:root:3: [-140   90]
DEBUG:root:2: [-170 -180]
DEBUG:root:4: [-230  150]
DEBUG:root:2: [-200 -180]
DEBUG:root:0: [160  60]
DEBUG:root:3: [-170   90]
DEBUG:root:4: [-260  150]
DEBUG:root:2: [-230 -180]
DEBUG:root:0: [130  60]
DEBUG:root:3: [-200   90]
DEBUG:root:4: [-260  180]
DEBUG:root:2: [-260 -180]
DEBUG:root:0: [100  60]
DEBUG:root:3: [-230   90]
DEBUG:root:4: [-260  210]
DEBUG:root:2: [-260 -150]
DEBUG:root:3: [-230   60]
DEBUG:root:0: [70 60]
DEBUG:root:4: [-230  210]
DEBUG:root:3: [-200   60]
DEBUG:root:4: [-230  180]
DEBUG:root:2: [-260 -120]
DEBUG:root:0: [70 90]
DEBUG:root:2: [-230 -120]
DEBUG:root:0: [100  90]
DEBUG:root:3: [-170   60]
DEBUG:root:4: [-200  180]
DEBUG:root:0: [100 120]
DEBUG:root:2: [-200 -120]
DEBUG:root:3: [-140   60]
DEBUG:root:4: [-170  180]
DEBUG:root:3: [-140   30]
DEBUG:root:4: [-170  210]
DEBUG:root:0: [100 150]
DEBUG:root:2: [-170 -120]
DEBUG:root:2: [-170 -120]
DEBUG:root:4: [-200  210]
DEBUG:root:3: [-110   30]
DEBUG:root:2: [-170  -90]
DEBUG:root:0: [100 180]
DEBUG:root:4: [-200  240]
DEBUG:root:3: [-110   60]
DEBUG:root:2: [-170  -60]
DEBUG:root:0: [100 210]
DEBUG:root:4: [-230  240]
DEBUG:root:3: [-80  60]
DEBUG:root:0: [130 210]
DEBUG:root:2: [-170  -30]
DEBUG:root:4: [-230  270]
DEBUG:root:3: [-50  60]
DEBUG:root:0: [130 240]
DEBUG:root:2: [-140  -30]
DEBUG:root:3: [-50  30]
DEBUG:root:4: [-230  300]
DEBUG:root:2: [-140  -60]
DEBUG:root:0: [130 270]
DEBUG:root:4: [-260  300]
DEBUG:root:3: [-50   0]
DEBUG:root:0: [100 270]
DEBUG:root:2: [-140  -90]
DEBUG:root:4: [-260  270]
DEBUG:root:3: [-20   0]
DEBUG:root:0: [100 240]
DEBUG:root:2: [-170  -90]
DEBUG:root:2: [-170  -90]
DEBUG:root:3: [-20  30]
DEBUG:root:4: [-260  240]
DEBUG:root:0: [ 70 240]
DEBUG:root:2: [-200  -90]
DEBUG:root:4: [-230  240]
DEBUG:root:3: [-20  60]
DEBUG:root:0: [ 70 270]
DEBUG:root:4: [-260  240]
DEBUG:root:2: [-200  -60]
DEBUG:root:4: [-260  210]
DEBUG:root:3: [-20  90]
DEBUG:root:0: [ 70 300]
DEBUG:root:2: [-200  -30]
DEBUG:root:2: [-200  -60]
DEBUG:root:0: [ 40 300]
DEBUG:root:4: [-260  180]
DEBUG:root:3: [-20 120]
DEBUG:root:0: [ 40 270]
DEBUG:root:2: [-230  -60]
DEBUG:root:3: [-50 120]
DEBUG:root:4: [-260  150]
DEBUG:root:2: [-230  -30]
DEBUG:root:0: [ 10 270]
DEBUG:root:3: [-50 150]
DEBUG:root:2: [-260  -30]
DEBUG:root:4: [-260  120]
DEBUG:root:0: [-20 270]
DEBUG:root:3: [-80 150]
DEBUG:root:2: [-260  -60]
DEBUG:root:0: [-20 300]
DEBUG:root:4: [-260   90]
DEBUG:root:3: [-80 120]
DEBUG:root:2: [-230  -60]
DEBUG:root:4: [-260  120]
DEBUG:root:0: [-50 300]
DEBUG:root:3: [-80  90]
DEBUG:root:2: [-230  -90]
DEBUG:root:4: [-230  120]
DEBUG:root:4: [-230  120]
DEBUG:root:4: [-230  120]
DEBUG:root:3: [-50  90]
DEBUG:root:0: [-80 300]
DEBUG:root:2: [-230 -120]
DEBUG:root:4: [-200  120]
DEBUG:root:3: [-80  90]
DEBUG:root:0: [-110  300]
DEBUG:root:4: [-200   90]
DEBUG:root:2: [-230 -150]
DEBUG:root:3: [-110   90]
DEBUG:root:3: [-110  120]
DEBUG:root:4: [-170   90]
DEBUG:root:0: [-140  300]
DEBUG:root:2: [-200 -150]
DEBUG:root:4: [-170   60]
DEBUG:root:0: [-140  270]
DEBUG:root:2: [-200 -180]
DEBUG:root:3: [-110  150]
DEBUG:root:4: [-200   60]
DEBUG:root:2: [-170 -180]
DEBUG:root:0: [-140  240]
DEBUG:root:4: [-200   90]
DEBUG:root:0: [-170  240]
DEBUG:root:2: [-200 -180]
DEBUG:root:3: [-110  180]
DEBUG:root:2: [-200 -180]
DEBUG:root:2: [-200 -180]
DEBUG:root:4: [-170   90]
DEBUG:root:0: [-170  270]
DEBUG:root:2: [-200 -150]
DEBUG:root:3: [-110  210]
DEBUG:root:2: [-200 -180]
DEBUG:root:2: [-200 -180]
DEBUG:root:2: [-200 -180]
DEBUG:root:4: [-140   90]
DEBUG:root:0: [-170  300]
DEBUG:root:4: [-140   60]
DEBUG:root:3: [-110  240]
DEBUG:root:2: [-200 -210]
DEBUG:root:2: [-200 -210]
DEBUG:root:0: [-200  300]
DEBUG:root:3: [-140  240]
DEBUG:root:4: [-110   60]
DEBUG:root:2: [-230 -210]
DEBUG:root:0: [-200  270]
DEBUG:root:3: [-140  210]
DEBUG:root:4: [-110   90]
DEBUG:root:0: [-200  240]
DEBUG:root:2: [-260 -210]
DEBUG:root:3: [-140  180]
DEBUG:root:2: [-230 -210]
DEBUG:root:4: [-80  90]
DEBUG:root:2 - initialization: (-260, -240)
